This is pdfTeX, Version 3.14159265-2.6-1.40.21 (MiKTeX 2.9.7300 64-bit) (preloaded format=pdflatex 2020.3.5)  13 MAY 2020 13:14
entering extended mode
**./sprawozdanie.tex
(sprawozdanie.tex
LaTeX2e <2020-02-02> patch level 2
L3 programming layer <2020-02-14> (classrep.cls
Document Class: classrep 2009/11/27 ICS Class Assignment Report
("C:\Program Files\MiKTeX 2.9\tex/latex/mwcls\mwart.cls"
Document Class: mwart 2017/05/13 v0.75 A LaTeX document class (MW)
*** Beta version. Formatting may change
*** in future versions of this class.
("C:\Program Files\MiKTeX 2.9\tex/latex/mwcls\mw12.clo"
File: mw12.clo 2017/05/13 v0.75 A document class size option (MW)
)
\@parindent=\dimen134
\c@part=\count167
\c@section=\count168
\c@subsection=\count169
\c@subsubsection=\count170
\c@paragraph=\count171
\c@subparagraph=\count172
\c@figure=\count173
\c@table=\count174
\abovecaptionskip=\skip47
\belowcaptionskip=\skip48
\bibindent=\dimen135
)
("C:\Program Files\MiKTeX 2.9\tex/latex/polski\polski.sty"
Package: polski 2017/05/04 v1.3.4 Polish language package

("C:\Program Files\MiKTeX 2.9\tex/latex/base\ot4enc.def"
File: ot4enc.def 2020/02/11 v2.0o Standard LaTeX file
Now handling font encoding OT4 ...
... no UTF-8 mapping file for font encoding OT4
))
("C:\Program Files\MiKTeX 2.9\tex/latex/url\url.sty"
\Urlmuskip=\muskip16
Package: url 2013/09/16  ver 3.4  Verb mode for urls, etc.
))
("C:\Program Files\MiKTeX 2.9\tex/latex/base\inputenc.sty"
Package: inputenc 2018/08/11 v1.3c Input encoding file
\inpenc@prehook=\toks14
\inpenc@posthook=\toks15
)
("C:\Program Files\MiKTeX 2.9\tex/latex/amsmath\amsmath.sty"
Package: amsmath 2020/01/20 v2.17e AMS math features
\@mathmargin=\skip49

For additional information on amsmath, use the `?' option.
("C:\Program Files\MiKTeX 2.9\tex/latex/amsmath\amstext.sty"
Package: amstext 2000/06/29 v2.01 AMS text

("C:\Program Files\MiKTeX 2.9\tex/latex/amsmath\amsgen.sty"
File: amsgen.sty 1999/11/30 v2.0 generic functions
\@emptytoks=\toks16
\ex@=\dimen136
))
("C:\Program Files\MiKTeX 2.9\tex/latex/amsmath\amsbsy.sty"
Package: amsbsy 1999/11/29 v1.2d Bold Symbols
\pmbraise@=\dimen137
)
("C:\Program Files\MiKTeX 2.9\tex/latex/amsmath\amsopn.sty"
Package: amsopn 2016/03/08 v2.02 operator names
)
\inf@bad=\count175
LaTeX Info: Redefining \frac on input line 227.
\uproot@=\count176
\leftroot@=\count177
LaTeX Info: Redefining \overline on input line 389.
\classnum@=\count178
\DOTSCASE@=\count179
LaTeX Info: Redefining \ldots on input line 486.
LaTeX Info: Redefining \dots on input line 489.
LaTeX Info: Redefining \cdots on input line 610.
\Mathstrutbox@=\box45
\strutbox@=\box46
\big@size=\dimen138
LaTeX Font Info:    Redeclaring font encoding OML on input line 733.
LaTeX Font Info:    Redeclaring font encoding OMS on input line 734.
\macc@depth=\count180
\c@MaxMatrixCols=\count181
\dotsspace@=\muskip17
\c@parentequation=\count182
\dspbrk@lvl=\count183
\tag@help=\toks17
\row@=\count184
\column@=\count185
\maxfields@=\count186
\andhelp@=\toks18
\eqnshift@=\dimen139
\alignsep@=\dimen140
\tagshift@=\dimen141
\tagwidth@=\dimen142
\totwidth@=\dimen143
\lineht@=\dimen144
\@envbody=\toks19
\multlinegap=\skip50
\multlinetaggap=\skip51
\mathdisplay@stack=\toks20
LaTeX Info: Redefining \[ on input line 2859.
LaTeX Info: Redefining \] on input line 2860.
)
("C:\Program Files\MiKTeX 2.9\tex/latex/graphics\graphicx.sty"
Package: graphicx 2019/11/30 v1.2a Enhanced LaTeX Graphics (DPC,SPQR)

("C:\Program Files\MiKTeX 2.9\tex/latex/graphics\keyval.sty"
Package: keyval 2014/10/28 v1.15 key=value parser (DPC)
\KV@toks@=\toks21
)
("C:\Program Files\MiKTeX 2.9\tex/latex/graphics\graphics.sty"
Package: graphics 2019/11/30 v1.4a Standard LaTeX Graphics (DPC,SPQR)

("C:\Program Files\MiKTeX 2.9\tex/latex/graphics\trig.sty"
Package: trig 2016/01/03 v1.10 sin cos tan (DPC)
)
("C:\Program Files\MiKTeX 2.9\tex/latex/graphics-cfg\graphics.cfg"
File: graphics.cfg 2016/06/04 v1.11 sample graphics configuration
)
Package graphics Info: Driver file: pdftex.def on input line 105.

("C:\Program Files\MiKTeX 2.9\tex/latex/graphics-def\pdftex.def"
File: pdftex.def 2018/01/08 v1.0l Graphics/color driver for pdftex
))
\Gin@req@height=\dimen145
\Gin@req@width=\dimen146
)
("C:\Program Files\MiKTeX 2.9\tex/latex/hyperref\hyperref.sty"
Package: hyperref 2020/01/14 v7.00d Hypertext links for LaTeX

("C:\Program Files\MiKTeX 2.9\tex/generic/ltxcmds\ltxcmds.sty"
Package: ltxcmds 2019/12/15 v1.24 LaTeX kernel commands for general use (HO)
)
("C:\Program Files\MiKTeX 2.9\tex/generic/iftex\iftex.sty"
Package: iftex 2019/11/07 v1.0c TeX engine tests
)
("C:\Program Files\MiKTeX 2.9\tex/latex/pdftexcmds\pdftexcmds.sty"
Package: pdftexcmds 2019/11/24 v0.31 Utility functions of pdfTeX for LuaTeX (HO
)

("C:\Program Files\MiKTeX 2.9\tex/generic/infwarerr\infwarerr.sty"
Package: infwarerr 2019/12/03 v1.5 Providing info/warning/error messages (HO)
)
Package pdftexcmds Info: \pdf@primitive is available.
Package pdftexcmds Info: \pdf@ifprimitive is available.
Package pdftexcmds Info: \pdfdraftmode found.
)
("C:\Program Files\MiKTeX 2.9\tex/generic/kvsetkeys\kvsetkeys.sty"
Package: kvsetkeys 2019/12/15 v1.18 Key value parser (HO)
)
("C:\Program Files\MiKTeX 2.9\tex/generic/kvdefinekeys\kvdefinekeys.sty"
Package: kvdefinekeys 2019-12-19 v1.6 Define keys (HO)
)
("C:\Program Files\MiKTeX 2.9\tex/generic/pdfescape\pdfescape.sty"
Package: pdfescape 2019/12/09 v1.15 Implements pdfTeX's escape features (HO)
)
("C:\Program Files\MiKTeX 2.9\tex/latex/hycolor\hycolor.sty"
Package: hycolor 2020-01-27 v1.10 Color options for hyperref/bookmark (HO)
)
("C:\Program Files\MiKTeX 2.9\tex/latex/letltxmacro\letltxmacro.sty"
Package: letltxmacro 2019/12/03 v1.6 Let assignment for LaTeX macros (HO)
)
("C:\Program Files\MiKTeX 2.9\tex/latex/auxhook\auxhook.sty"
Package: auxhook 2019-12-17 v1.6 Hooks for auxiliary files (HO)
)
("C:\Program Files\MiKTeX 2.9\tex/latex/kvoptions\kvoptions.sty"
Package: kvoptions 2019/11/29 v3.13 Key value format for package options (HO)
)
\@linkdim=\dimen147
\Hy@linkcounter=\count187
\Hy@pagecounter=\count188

("C:\Program Files\MiKTeX 2.9\tex/latex/hyperref\pd1enc.def"
File: pd1enc.def 2020/01/14 v7.00d Hyperref: PDFDocEncoding definition (HO)
Now handling font encoding PD1 ...
... no UTF-8 mapping file for font encoding PD1
)
("C:\Program Files\MiKTeX 2.9\tex/generic/intcalc\intcalc.sty"
Package: intcalc 2019/12/15 v1.3 Expandable calculations with integers (HO)
)
("C:\Program Files\MiKTeX 2.9\tex/generic/etexcmds\etexcmds.sty"
Package: etexcmds 2019/12/15 v1.7 Avoid name clashes with e-TeX commands (HO)
)
\Hy@SavedSpaceFactor=\count189
Package hyperref Info: Hyper figures OFF on input line 4547.
Package hyperref Info: Link nesting OFF on input line 4552.
Package hyperref Info: Hyper index ON on input line 4555.
Package hyperref Info: Plain pages OFF on input line 4562.
Package hyperref Info: Backreferencing OFF on input line 4567.
Package hyperref Info: Implicit mode ON; LaTeX internals redefined.
Package hyperref Info: Bookmarks ON on input line 4800.
\c@Hy@tempcnt=\count190
LaTeX Info: Redefining \url on input line 5159.
\XeTeXLinkMargin=\dimen148

("C:\Program Files\MiKTeX 2.9\tex/generic/bitset\bitset.sty"
Package: bitset 2019/12/09 v1.3 Handle bit-vector datatype (HO)

("C:\Program Files\MiKTeX 2.9\tex/generic/bigintcalc\bigintcalc.sty"
Package: bigintcalc 2019/12/15 v1.5 Expandable calculations on big integers (HO
)
))
\Fld@menulength=\count191
\Field@Width=\dimen149
\Fld@charsize=\dimen150
Package hyperref Info: Hyper figures OFF on input line 6430.
Package hyperref Info: Link nesting OFF on input line 6435.
Package hyperref Info: Hyper index ON on input line 6438.
Package hyperref Info: backreferencing OFF on input line 6445.
Package hyperref Info: Link coloring OFF on input line 6450.
Package hyperref Info: Link coloring with OCG OFF on input line 6455.
Package hyperref Info: PDF/A mode OFF on input line 6460.
LaTeX Info: Redefining \ref on input line 6500.
LaTeX Info: Redefining \pageref on input line 6504.

("C:\Program Files\MiKTeX 2.9\tex/generic/atbegshi\atbegshi.sty"
Package: atbegshi 2019/12/05 v1.19 At begin shipout hook (HO)
)
\Hy@abspage=\count192
\c@Item=\count193
\c@Hfootnote=\count194
)
Package hyperref Info: Driver (autodetected): hpdftex.

("C:\Program Files\MiKTeX 2.9\tex/latex/hyperref\hpdftex.def"
File: hpdftex.def 2020/01/14 v7.00d Hyperref driver for pdfTeX

("C:\Program Files\MiKTeX 2.9\tex/latex/atveryend\atveryend.sty"
Package: atveryend 2019-12-11 v1.11 Hooks at the very end of document (HO)
Package atveryend Info: \enddocument detected (standard20110627).
)
\Fld@listcount=\count195
\c@bookmark@seq@number=\count196

("C:\Program Files\MiKTeX 2.9\tex/latex/rerunfilecheck\rerunfilecheck.sty"
Package: rerunfilecheck 2019/12/05 v1.9 Rerun checks for auxiliary files (HO)

("C:\Program Files\MiKTeX 2.9\tex/generic/uniquecounter\uniquecounter.sty"
Package: uniquecounter 2019/12/15 v1.4 Provide unlimited unique counter (HO)
)
Package uniquecounter Info: New unique counter `rerunfilecheck' on input line 2
86.
)
\Hy@SectionHShift=\skip52
)
("C:\Program Files\MiKTeX 2.9\tex/latex/base\fontenc.sty"
Package: fontenc 2020/02/11 v2.0o Standard LaTeX package
)
("C:\Program Files\MiKTeX 2.9\tex/generic/babel\babel.sty"
Package: babel 2020/02/14 3.40 The Babel package

("C:\Program Files\MiKTeX 2.9\tex/generic/babel\switch.def"
File: switch.def 2020/02/14 3.40 Babel switching mechanism
)
*************************************
* Local config file bblopts.cfg used
*
("C:\Program Files\MiKTeX 2.9\tex/latex/arabi\bblopts.cfg"
File: bblopts.cfg 2005/09/08 v0.1 add Arabic and Farsi to "declared" options of
 babel
)
("C:\Program Files\MiKTeX 2.9\tex/latex/babel-polish\polish.ldf"
Language: polish 2005/03/31 v1.2l Polish support from the babel system

("C:\Program Files\MiKTeX 2.9\tex/generic/babel\babel.def"
File: babel.def 2020/02/14 3.40 Babel common definitions
\babel@savecnt=\count197
\U@D=\dimen151

("C:\Program Files\MiKTeX 2.9\tex/generic/babel\txtbabel.def")
\bbl@readstream=\read2
\bbl@dirlevel=\count198
)
Package babel Info: Making " an active character on input line 83.
\pl@left=\dimen152
\pl@down=\dimen153
\pl@right=\dimen154
\pl@temp=\dimen155
))
("C:\Program Files\MiKTeX 2.9\tex/latex/lm\lmodern.sty"
Package: lmodern 2009/10/30 v1.6 Latin Modern Fonts
LaTeX Font Info:    Overwriting symbol font `operators' in version `normal'
(Font)                  OT1/cmr/m/n --> OT1/lmr/m/n on input line 22.
LaTeX Font Info:    Overwriting symbol font `letters' in version `normal'
(Font)                  OML/cmm/m/it --> OML/lmm/m/it on input line 23.
LaTeX Font Info:    Overwriting symbol font `symbols' in version `normal'
(Font)                  OMS/cmsy/m/n --> OMS/lmsy/m/n on input line 24.
LaTeX Font Info:    Overwriting symbol font `largesymbols' in version `normal'
(Font)                  OMX/cmex/m/n --> OMX/lmex/m/n on input line 25.
LaTeX Font Info:    Overwriting symbol font `operators' in version `bold'
(Font)                  OT1/cmr/bx/n --> OT1/lmr/bx/n on input line 26.
LaTeX Font Info:    Overwriting symbol font `letters' in version `bold'
(Font)                  OML/cmm/b/it --> OML/lmm/b/it on input line 27.
LaTeX Font Info:    Overwriting symbol font `symbols' in version `bold'
(Font)                  OMS/cmsy/b/n --> OMS/lmsy/b/n on input line 28.
LaTeX Font Info:    Overwriting symbol font `largesymbols' in version `bold'
(Font)                  OMX/cmex/m/n --> OMX/lmex/m/n on input line 29.
LaTeX Font Info:    Overwriting math alphabet `\mathbf' in version `normal'
(Font)                  OT1/cmr/bx/n --> OT1/lmr/bx/n on input line 31.
LaTeX Font Info:    Overwriting math alphabet `\mathsf' in version `normal'
(Font)                  OT1/cmss/m/n --> OT1/lmss/m/n on input line 32.
LaTeX Font Info:    Overwriting math alphabet `\mathit' in version `normal'
(Font)                  OT1/cmr/m/it --> OT1/lmr/m/it on input line 33.
LaTeX Font Info:    Overwriting math alphabet `\mathtt' in version `normal'
(Font)                  OT1/cmtt/m/n --> OT1/lmtt/m/n on input line 34.
LaTeX Font Info:    Overwriting math alphabet `\mathbf' in version `bold'
(Font)                  OT1/cmr/bx/n --> OT1/lmr/bx/n on input line 35.
LaTeX Font Info:    Overwriting math alphabet `\mathsf' in version `bold'
(Font)                  OT1/cmss/bx/n --> OT1/lmss/bx/n on input line 36.
LaTeX Font Info:    Overwriting math alphabet `\mathit' in version `bold'
(Font)                  OT1/cmr/bx/it --> OT1/lmr/bx/it on input line 37.
LaTeX Font Info:    Overwriting math alphabet `\mathtt' in version `bold'
(Font)                  OT1/cmtt/m/n --> OT1/lmtt/m/n on input line 38.
)
("C:\Program Files\MiKTeX 2.9\tex/latex/graphics\color.sty"
Package: color 2019/11/23 v1.2a Standard LaTeX Color (DPC)

("C:\Program Files\MiKTeX 2.9\tex/latex/graphics-cfg\color.cfg"
File: color.cfg 2016/01/02 v1.6 sample color configuration
)
Package color Info: Driver file: pdftex.def on input line 147.
)
("C:\Program Files\MiKTeX 2.9\tex/latex/listings\listings.sty"
\lst@mode=\count199
\lst@gtempboxa=\box47
\lst@token=\toks22
\lst@length=\count266
\lst@currlwidth=\dimen156
\lst@column=\count267
\lst@pos=\count268
\lst@lostspace=\dimen157
\lst@width=\dimen158
\lst@newlines=\count269
\lst@lineno=\count270
\lst@maxwidth=\dimen159

("C:\Program Files\MiKTeX 2.9\tex/latex/listings\lstmisc.sty"
File: lstmisc.sty 2019/09/10 1.8c (Carsten Heinz)
\c@lstnumber=\count271
\lst@skipnumbers=\count272
\lst@framebox=\box48
)
("C:\Program Files\MiKTeX 2.9\tex/latex/listings\listings.cfg"
File: listings.cfg 2019/09/10 1.8c listings configuration
))
Package: listings 2019/09/10 1.8c (Carsten Heinz)

("C:\Program Files\MiKTeX 2.9\tex/latex/l3backend\l3backend-pdfmode.def"
File: l3backend-pdfmode.def 2020-02-03 L3 backend support: PDF mode
\l__kernel_color_stack_int=\count273
\l__pdf_internal_box=\box49
)
(sprawozdanie.aux)
\openout1 = `sprawozdanie.aux'.

LaTeX Font Info:    Checking defaults for OML/cmm/m/it on input line 33.
LaTeX Font Info:    ... okay on input line 33.
LaTeX Font Info:    Checking defaults for OMS/cmsy/m/n on input line 33.
LaTeX Font Info:    ... okay on input line 33.
LaTeX Font Info:    Checking defaults for OT1/cmr/m/n on input line 33.
LaTeX Font Info:    ... okay on input line 33.
LaTeX Font Info:    Checking defaults for T1/cmr/m/n on input line 33.
LaTeX Font Info:    ... okay on input line 33.
LaTeX Font Info:    Checking defaults for TS1/cmr/m/n on input line 33.
LaTeX Font Info:    ... okay on input line 33.
LaTeX Font Info:    Checking defaults for OMX/cmex/m/n on input line 33.
LaTeX Font Info:    ... okay on input line 33.
LaTeX Font Info:    Checking defaults for U/cmr/m/n on input line 33.
LaTeX Font Info:    ... okay on input line 33.
LaTeX Font Info:    Checking defaults for OT4/cmr/m/n on input line 33.
LaTeX Font Info:    Trying to load font information for OT4+cmr on input line 3
3.
 ("C:\Program Files\MiKTeX 2.9\tex/latex/polski\ot4cmr.fd"
File: ot4cmr.fd 2008/02/24 v1.2.1 Font defs for fonts PL (MW)
)
LaTeX Font Info:    ... okay on input line 33.
LaTeX Font Info:    Checking defaults for PD1/pdf/m/n on input line 33.
LaTeX Font Info:    ... okay on input line 33.
LaTeX Font Info:    Trying to load font information for T1+lmr on input line 33
.

("C:\Program Files\MiKTeX 2.9\tex/latex/lm\t1lmr.fd"
File: t1lmr.fd 2009/10/30 v1.6 Font defs for Latin Modern
)
("C:\Program Files\MiKTeX 2.9\tex/context/base/mkii\supp-pdf.mkii"
[Loading MPS to PDF converter (version 2006.09.02).]
\scratchcounter=\count274
\scratchdimen=\dimen160
\scratchbox=\box50
\nofMPsegments=\count275
\nofMParguments=\count276
\everyMPshowfont=\toks23
\MPscratchCnt=\count277
\MPscratchDim=\dimen161
\MPnumerator=\count278
\makeMPintoPDFobject=\count279
\everyMPtoPDFconversion=\toks24
) ("C:\Program Files\MiKTeX 2.9\tex/latex/epstopdf-pkg\epstopdf-base.sty"
Package: epstopdf-base 2020-01-24 v2.11 Base part for package epstopdf
Package epstopdf-base Info: Redefining graphics rule for `.eps' on input line 4
85.
)
\AtBeginShipoutBox=\box51
Package hyperref Info: Link coloring OFF on input line 33.

("C:\Program Files\MiKTeX 2.9\tex/latex/hyperref\nameref.sty"
Package: nameref 2019/09/16 v2.46 Cross-referencing by name of section

("C:\Program Files\MiKTeX 2.9\tex/latex/refcount\refcount.sty"
Package: refcount 2019/12/15 v3.6 Data extraction from label references (HO)
)
("C:\Program Files\MiKTeX 2.9\tex/generic/gettitlestring\gettitlestring.sty"
Package: gettitlestring 2019/12/15 v1.6 Cleanup title references (HO)
)
\c@section@level=\count280
)
LaTeX Info: Redefining \ref on input line 33.
LaTeX Info: Redefining \pageref on input line 33.
LaTeX Info: Redefining \nameref on input line 33.

(sprawozdanie.out) (sprawozdanie.out)
\@outlinefile=\write3
\openout3 = `sprawozdanie.out'.

\c@lstlisting=\count281

Underfull \hbox (badness 10000) in paragraph at lines 35--35

 []

LaTeX Font Info:    Trying to load font information for OT1+lmr on input line 3
5.
("C:\Program Files\MiKTeX 2.9\tex/latex/lm\ot1lmr.fd"
File: ot1lmr.fd 2009/10/30 v1.6 Font defs for Latin Modern
)
LaTeX Font Info:    Trying to load font information for OML+lmm on input line 3
5.

("C:\Program Files\MiKTeX 2.9\tex/latex/lm\omllmm.fd"
File: omllmm.fd 2009/10/30 v1.6 Font defs for Latin Modern
)
LaTeX Font Info:    Trying to load font information for OMS+lmsy on input line 
35.

("C:\Program Files\MiKTeX 2.9\tex/latex/lm\omslmsy.fd"
File: omslmsy.fd 2009/10/30 v1.6 Font defs for Latin Modern
)
LaTeX Font Info:    Trying to load font information for OMX+lmex on input line 
35.

("C:\Program Files\MiKTeX 2.9\tex/latex/lm\omxlmex.fd"
File: omxlmex.fd 2009/10/30 v1.6 Font defs for Latin Modern
)
LaTeX Font Info:    External font `lmex10' loaded for size
(Font)              <12> on input line 35.
LaTeX Font Info:    External font `lmex10' loaded for size
(Font)              <8> on input line 35.
LaTeX Font Info:    External font `lmex10' loaded for size
(Font)              <6> on input line 35.

Underfull \hbox (badness 10000) in paragraph at lines 35--35

 []

LaTeX Font Info:    Trying to load font information for T1+lmtt on input line 3
5.
("C:\Program Files\MiKTeX 2.9\tex/latex/lm\t1lmtt.fd"
File: t1lmtt.fd 2009/10/30 v1.6 Font defs for Latin Modern
)
<./rys/mlpr.png, id=74, 656.4525pt x 507.8975pt>
File: ./rys/mlpr.png Graphic file (type png)
<use ./rys/mlpr.png>
Package pdftex.def Info: ./rys/mlpr.png  used on input line 45.
(pdftex.def)             Requested size: 312.00119pt x 241.39333pt.


LaTeX Warning: `!h' float specifier changed to `!ht'.

[1

{C:/Users/Radek/AppData/Local/MiKTeX/2.9/pdftex/config/pdftex.map}]
Overfull \hbox (13.80176pt too wide) in paragraph at lines 58--59
[]\T1/lmr/m/n/12 Aby prze-pro-wa-dzi¢ pro-ces na-uki sieci neu-ro-no-wej wy-ko-
rzy-sty-wane s¡ wszyst-
 []

[2 <./rys/mlpr.png>]
Overfull \hbox (29.8862pt too wide) in paragraph at lines 111--111
[]\T1/lmtt/m/n/12 [ 5.52452122e-001 -5.08299100e-001  1.41338235e-001  8.837435
72e-108[] 
 []


Overfull \hbox (17.49417pt too wide) in paragraph at lines 111--111
[]\T1/lmtt/m/n/12 2.17952389e-001  2.79062378e-001  8.03689785e-174  6.12793712
e-001[] 
 []


Overfull \hbox (29.83717pt too wide) in paragraph at lines 111--111
[]\T1/lmtt/m/n/12 [ 2.64907997e-003  2.85407243e-001 -2.03636138e-001 -1.645970
18e-106[] 
 []


Overfull \hbox (23.7182pt too wide) in paragraph at lines 111--111
[]\T1/lmtt/m/n/12 -2.11288507e-002  7.15034103e-001 -1.24715444e-146  1.2400801
2e-001[] 
 []


Overfull \hbox (29.85818pt too wide) in paragraph at lines 111--111
[]\T1/lmtt/m/n/12 [-3.51424251e-001 -5.30200403e-001 -4.46716309e-001  2.119698
33e-131[] 
 []


Overfull \hbox (17.52919pt too wide) in paragraph at lines 111--111
[]\T1/lmtt/m/n/12 7.12532615e-001 -1.14788777e-001  4.01768261e-115  1.48418813
e-001[] 
 []


Overfull \hbox (29.82317pt too wide) in paragraph at lines 111--111
[]\T1/lmtt/m/n/12 [ 1.03498717e-001 -9.21659496e-168 -4.82692791e-001  4.837774
60e-185[] 
 []


Overfull \hbox (23.67618pt too wide) in paragraph at lines 111--111
[]\T1/lmtt/m/n/12 -6.58208965e-001 -3.46685323e-001 -1.15518718e-182  2.9321677
7e-002[] 
 []


Overfull \hbox (29.83717pt too wide) in paragraph at lines 111--111
[]\T1/lmtt/m/n/12 [ 2.01559825e-001  6.92536386e-002 -2.08967289e-001 -4.370308
94e-177[] 
 []


Overfull \hbox (23.66917pt too wide) in paragraph at lines 111--111
[]\T1/lmtt/m/n/12 -1.05561256e+000 -8.22267952e-001 -6.43370336e-176 -3.5241149
5e-001[] 
 []


Overfull \hbox (29.83017pt too wide) in paragraph at lines 111--111
[]\T1/lmtt/m/n/12 [ 1.35976079e-002 -2.25227367e-001  4.63008767e-001 -2.041909
65e-109[] 
 []


Overfull \hbox (17.50818pt too wide) in paragraph at lines 111--111
[]\T1/lmtt/m/n/12 4.30572082e-001  1.61384144e-001  3.22599010e-112  1.86620954
e-001[] 
 []


Overfull \hbox (29.85118pt too wide) in paragraph at lines 111--111
[]\T1/lmtt/m/n/12 [ 6.30981908e-001  5.02501751e-001  3.24810816e-002 -1.148210
69e-161[] 
 []


Overfull \hbox (23.64816pt too wide) in paragraph at lines 111--111
[]\T1/lmtt/m/n/12 -2.09791598e-001  6.58959908e-002  1.23921097e-165 -4.1549722
1e-001[] 
 []


Overfull \hbox (29.85118pt too wide) in paragraph at lines 111--111
[]\T1/lmtt/m/n/12 [-2.39583697e-001 -1.08163379e-001 -6.38441829e-001 -5.814735
15e-127[] 
 []


Overfull \hbox (23.66917pt too wide) in paragraph at lines 111--111
[]\T1/lmtt/m/n/12 -1.63474792e+000 -1.64768207e+000  5.98010323e-123 -1.0684656
7e+000[] 
 []


Overfull \hbox (29.8792pt too wide) in paragraph at lines 111--111
[]\T1/lmtt/m/n/12 [ 5.13144282e-001  4.02430559e-001 -3.42404574e-001  6.177090
41e-187[] 
 []


Overfull \hbox (17.50117pt too wide) in paragraph at lines 111--111
[]\T1/lmtt/m/n/12 2.53937076e-001  2.29476011e-001 -3.24949093e-142 -3.45835555
e-002[] 
 []


Overfull \hbox (29.83717pt too wide) in paragraph at lines 111--111
[]\T1/lmtt/m/n/12 [-1.58974957e-001 -1.80699261e-002  2.27106887e-001 -3.630115
44e-176[] 
 []


Overfull \hbox (23.69719pt too wide) in paragraph at lines 111--111
[]\T1/lmtt/m/n/12 -1.10082638e+000 -5.54022886e-001 -4.75216572e-175 -2.3726523
1e-002[] 
 []


Overfull \hbox (54.53018pt too wide) in paragraph at lines 111--111
[]\T1/lmtt/m/n/12 [ 0.17495295  0.54685419  0.59511465 -0.17234932 -0.48053058 
 0.73486196[] 
 []


Overfull \hbox (54.54419pt too wide) in paragraph at lines 111--111
[]\T1/lmtt/m/n/12 [ 0.44247204 -0.18147683  0.09409345 -1.00811302  0.15969283 
-0.28396407[] 
 []

[3] ("C:\Program Files\MiKTeX 2.9\tex/latex/listings\lstlang1.sty"
File: lstlang1.sty 2019/09/10 1.8c listings language file
)
Package hyperref Info: bookmark level for unknown lstlisting defaults to 0 on i
nput line 130.

(../Zadanie2/FileReader.py [4]
Overfull \hbox (11.84756pt too wide) in paragraph at lines 24--25
[][][][][][][][][][][][][][][][][][][][] 
 []


Overfull \hbox (25.94748pt too wide) in paragraph at lines 25--26
[][][][][][][][][][][][][][][][][][][] 
 []


Overfull \hbox (54.14731pt too wide) in paragraph at lines 26--28
[][][][][][][][][][][][][][][][][][][] 
 []


Overfull \hbox (11.84756pt too wide) in paragraph at lines 33--34
[][][][][][][][][][][][][][][][][][][][] 
 []


Overfull \hbox (18.89752pt too wide) in paragraph at lines 34--35
[][][][][][][][][][][][][][][][][][][] 
 []


Overfull \hbox (47.09735pt too wide) in paragraph at lines 35--37
[][][][][][][][][][][][][][][][][][][] 
 []

)
Overfull \hbox (82.34714pt too wide) in paragraph at lines 44--130
[][][][][][][][][][][][][][][][][][][][][][][][] 
 []

(../Zadanie2/Main.py
Overfull \hbox (96.44705pt too wide) in paragraph at lines 9--10
[][][][][][][][][][][][][][][][][][] 
 []


Overfull \hbox (25.94748pt too wide) in paragraph at lines 12--13
[][][][][][][][][][][][][][][][][][][] 
 []

LaTeX Font Info:    Trying to load font information for TS1+lmr on input line 2
1.
("C:\Program Files\MiKTeX 2.9\tex/latex/lm\ts1lmr.fd"
File: ts1lmr.fd 2009/10/30 v1.6 Font defs for Latin Modern
) [5]) [6] [7]
<./rys/dystrybuanta.png, id=252, 881.54344pt x 575.14874pt>
File: ./rys/dystrybuanta.png Graphic file (type png)
<use ./rys/dystrybuanta.png>
Package pdftex.def Info: ./rys/dystrybuanta.png  used on input line 179.
(pdftex.def)             Requested size: 390.0pt x 254.44406pt.

Underfull \hbox (badness 10000) in paragraph at lines 193--194
[]\T1/lmr/m/sl/10.95 https://ftims.edu.p.lodz.pl/mod/page/view.php?id=73137 \T1
/lmr/m/n/10.95 [do-st¦p
 []


Underfull \hbox (badness 10000) in paragraph at lines 194--195
[]\T1/lmr/m/sl/10.95 https://pl.wikipedia.org/wiki/Perceptron_wielowarstwowy \T
1/lmr/m/n/10.95 [do-st¦p
 []


Underfull \hbox (badness 10000) in paragraph at lines 197--198
[]\T1/lmr/m/sl/10.95 https://www.researchgate.net/publication/244858164/figure/
fig2/AS:
 []


Underfull \hbox (badness 10000) in paragraph at lines 197--198
\T1/lmr/m/sl/10.95 670028080902154@1536758551608/Structural-graph-of-multilayer
-
 []


Underfull \hbox (badness 10000) in paragraph at lines 201--202
[]\T1/lmr/m/sl/10.95 https://scikit-learn.org/stable/modules/generated/sklearn.
neural_network.
 []

[8 <./rys/dystrybuanta.png>]
Underfull \hbox (badness 10000) in paragraph at lines 203--204
[]\T1/lmr/m/sl/10.95 https://piotrmicek.staff.tcs.uj.edu.pl/machine-learning/do
cs/szymon-
 []


Underfull \hbox (badness 10000) in paragraph at lines 205--206
[]\T1/lmr/m/sl/10.95 https://ftims.edu.p.lodz.pl/mod/resource/view.php?id=73138
 \T1/lmr/m/n/10.95 [do-st¦p
 []

Package atveryend Info: Empty hook `BeforeClearDocument' on input line 209.
[9]
Package atveryend Info: Empty hook `AfterLastShipout' on input line 209.
 (sprawozdanie.aux)
Package atveryend Info: Executing hook `AtVeryEndDocument' on input line 209.
Package atveryend Info: Executing hook `AtEndAfterFileList' on input line 209.
Package rerunfilecheck Info: File `sprawozdanie.out' has not changed.
(rerunfilecheck)             Checksum: 4273354675136E16669254A39B335D19;1382.
Package atveryend Info: Empty hook `AtVeryVeryEnd' on input line 209.
 ) 
Here is how much of TeX's memory you used:
 9213 strings out of 481556
 133917 string characters out of 2923635
 608725 words of memory out of 3000000
 24112 multiletter control sequences out of 15000+200000
 574042 words of font info for 49 fonts, out of 3000000 for 9000
 1141 hyphenation exceptions out of 8191
 36i,7n,42p,430b,2011s stack positions out of 5000i,500n,10000p,200000b,50000s
{C:/Program Files/MiKTeX 2.9/fonts/enc/dvips/lm/lm-ec.enc}{C:/Program Files/M
iKTeX 2.9/fonts/enc/dvips/lm/lm-ts1.enc}{C:/Program Files/MiKTeX 2.9/fonts/enc/
dvips/lm/lm-mathsy.enc}{C:/Program Files/MiKTeX 2.9/fonts/enc/dvips/lm/lm-rm.en
c}<C:/Program Files/MiKTeX 2.9/fonts/type1/public/lm/lmbx12.pfb><C:/Program Fil
es/MiKTeX 2.9/fonts/type1/public/lm/lmr10.pfb><C:/Program Files/MiKTeX 2.9/font
s/type1/public/lm/lmr12.pfb><C:/Program Files/MiKTeX 2.9/fonts/type1/public/lm/
lmr17.pfb><C:/Program Files/MiKTeX 2.9/fonts/type1/public/lm/lmri12.pfb><C:/Pro
gram Files/MiKTeX 2.9/fonts/type1/public/lm/lmro10.pfb><C:/Program Files/MiKTeX
 2.9/fonts/type1/public/lm/lmro12.pfb><C:/Program Files/MiKTeX 2.9/fonts/type1/
public/lm/lmsy10.pfb><C:/Program Files/MiKTeX 2.9/fonts/type1/public/lm/lmtt12.
pfb>
Output written on sprawozdanie.pdf (9 pages, 315872 bytes).
PDF statistics:
 337 PDF objects out of 1000 (max. 8388607)
 159 named destinations out of 1000 (max. 500000)
 147 words of extra memory for PDF output out of 10000 (max. 10000000)

